<?xml version="1.0" encoding="UTF-8"?>
<!-- Generated by org.testng.reporters.JUnitXMLReporter -->
<testsuite hostname="192-168-1-4.tpgi.com.au" ignored="0" name="Default test" tests="5" failures="0" timestamp="26 Jul 2019 03:07:49 GMT" time="365.227" errors="0">
  <testcase name="launchTest" time="66.825" classname="com.testingfoo.thanosair.test.FlightBooking"/>
  <testcase name="launchTest" time="66.726" classname="com.testingfoo.thanosair.test.FlightBooking"/>
  <testcase name="launchTest" time="68.072" classname="com.testingfoo.thanosair.test.FlightBooking"/>
  <testcase name="launchTest" time="69.735" classname="com.testingfoo.thanosair.test.FlightBooking"/>
  <testcase name="launchTest" time="67.966" classname="com.testingfoo.thanosair.test.FlightBooking"/>
</testsuite> <!-- Default test -->
