<?xml version="1.0" encoding="UTF-8"?>
<!-- Generated by org.testng.reporters.JUnitXMLReporter -->
<testsuite hostname="192-168-1-4.tpgi.com.au" ignored="0" name="Default test" tests="5" failures="0" timestamp="26 Jul 2019 13:58:14 GMT" time="424.127" errors="0">
  <testcase name="launchTest" time="80.278" classname="com.testingfoo.thanosair.test.FlightBooking"/>
  <testcase name="launchTest" time="78.457" classname="com.testingfoo.thanosair.test.FlightBooking"/>
  <testcase name="launchTest" time="79.57" classname="com.testingfoo.thanosair.test.FlightBooking"/>
  <testcase name="launchTest" time="82.574" classname="com.testingfoo.thanosair.test.FlightBooking"/>
  <testcase name="launchTest" time="90.12" classname="com.testingfoo.thanosair.test.FlightBooking"/>
</testsuite> <!-- Default test -->
