<?xml version="1.0" encoding="UTF-8"?>
<testng-results skipped="0" failed="0" ignored="0" total="5" passed="5">
  <reporter-output>
  </reporter-output>
  <suite name="Default suite" duration-ms="424127" started-at="2019-07-26T13:51:10Z" finished-at="2019-07-26T13:58:14Z">
    <groups>
    </groups>
    <test name="Default test" duration-ms="424127" started-at="2019-07-26T13:51:10Z" finished-at="2019-07-26T13:58:14Z">
      <class name="com.testingfoo.thanosair.test.FlightBooking">
        <test-method status="PASS" signature="setup()[pri:0, instance:com.testingfoo.thanosair.test.FlightBooking@d8355a8]" name="setup" is-config="true" duration-ms="4043" started-at="2019-07-26T13:51:10Z" finished-at="2019-07-26T13:51:14Z">
          <reporter-output>
          </reporter-output>
        </test-method> <!-- setup -->
        <test-method status="PASS" signature="launchTest(java.lang.String)[pri:0, instance:com.testingfoo.thanosair.test.FlightBooking@d8355a8]" name="launchTest" duration-ms="80278" started-at="2019-07-26T13:51:14Z" data-provider="bagsCount" finished-at="2019-07-26T13:52:34Z">
          <params>
            <param index="0">
              <value>
                <![CDATA[1]]>
              </value>
            </param>
          </params>
          <reporter-output>
          </reporter-output>
        </test-method> <!-- launchTest -->
        <test-method status="PASS" signature="tearDown()[pri:0, instance:com.testingfoo.thanosair.test.FlightBooking@d8355a8]" name="tearDown" is-config="true" duration-ms="236" started-at="2019-07-26T13:52:34Z" finished-at="2019-07-26T13:52:34Z">
          <reporter-output>
          </reporter-output>
        </test-method> <!-- tearDown -->
        <test-method status="PASS" signature="setup()[pri:0, instance:com.testingfoo.thanosair.test.FlightBooking@d8355a8]" name="setup" is-config="true" duration-ms="1940" started-at="2019-07-26T13:52:34Z" finished-at="2019-07-26T13:52:36Z">
          <reporter-output>
          </reporter-output>
        </test-method> <!-- setup -->
        <test-method status="PASS" signature="launchTest(java.lang.String)[pri:0, instance:com.testingfoo.thanosair.test.FlightBooking@d8355a8]" name="launchTest" duration-ms="78457" started-at="2019-07-26T13:52:36Z" data-provider="bagsCount" finished-at="2019-07-26T13:53:55Z">
          <params>
            <param index="0">
              <value>
                <![CDATA[2]]>
              </value>
            </param>
          </params>
          <reporter-output>
          </reporter-output>
        </test-method> <!-- launchTest -->
        <test-method status="PASS" signature="tearDown()[pri:0, instance:com.testingfoo.thanosair.test.FlightBooking@d8355a8]" name="tearDown" is-config="true" duration-ms="243" started-at="2019-07-26T13:53:55Z" finished-at="2019-07-26T13:53:55Z">
          <reporter-output>
          </reporter-output>
        </test-method> <!-- tearDown -->
        <test-method status="PASS" signature="setup()[pri:0, instance:com.testingfoo.thanosair.test.FlightBooking@d8355a8]" name="setup" is-config="true" duration-ms="1798" started-at="2019-07-26T13:53:55Z" finished-at="2019-07-26T13:53:57Z">
          <reporter-output>
          </reporter-output>
        </test-method> <!-- setup -->
        <test-method status="PASS" signature="launchTest(java.lang.String)[pri:0, instance:com.testingfoo.thanosair.test.FlightBooking@d8355a8]" name="launchTest" duration-ms="79570" started-at="2019-07-26T13:53:57Z" data-provider="bagsCount" finished-at="2019-07-26T13:55:16Z">
          <params>
            <param index="0">
              <value>
                <![CDATA[3]]>
              </value>
            </param>
          </params>
          <reporter-output>
          </reporter-output>
        </test-method> <!-- launchTest -->
        <test-method status="PASS" signature="tearDown()[pri:0, instance:com.testingfoo.thanosair.test.FlightBooking@d8355a8]" name="tearDown" is-config="true" duration-ms="242" started-at="2019-07-26T13:55:16Z" finished-at="2019-07-26T13:55:17Z">
          <reporter-output>
          </reporter-output>
        </test-method> <!-- tearDown -->
        <test-method status="PASS" signature="setup()[pri:0, instance:com.testingfoo.thanosair.test.FlightBooking@d8355a8]" name="setup" is-config="true" duration-ms="2228" started-at="2019-07-26T13:55:17Z" finished-at="2019-07-26T13:55:19Z">
          <reporter-output>
          </reporter-output>
        </test-method> <!-- setup -->
        <test-method status="PASS" signature="launchTest(java.lang.String)[pri:0, instance:com.testingfoo.thanosair.test.FlightBooking@d8355a8]" name="launchTest" duration-ms="82574" started-at="2019-07-26T13:55:19Z" data-provider="bagsCount" finished-at="2019-07-26T13:56:41Z">
          <params>
            <param index="0">
              <value>
                <![CDATA[4]]>
              </value>
            </param>
          </params>
          <reporter-output>
          </reporter-output>
        </test-method> <!-- launchTest -->
        <test-method status="PASS" signature="tearDown()[pri:0, instance:com.testingfoo.thanosair.test.FlightBooking@d8355a8]" name="tearDown" is-config="true" duration-ms="259" started-at="2019-07-26T13:56:41Z" finished-at="2019-07-26T13:56:42Z">
          <reporter-output>
          </reporter-output>
        </test-method> <!-- tearDown -->
        <test-method status="PASS" signature="setup()[pri:0, instance:com.testingfoo.thanosair.test.FlightBooking@d8355a8]" name="setup" is-config="true" duration-ms="1788" started-at="2019-07-26T13:56:42Z" finished-at="2019-07-26T13:56:43Z">
          <reporter-output>
          </reporter-output>
        </test-method> <!-- setup -->
        <test-method status="PASS" signature="launchTest(java.lang.String)[pri:0, instance:com.testingfoo.thanosair.test.FlightBooking@d8355a8]" name="launchTest" duration-ms="90120" started-at="2019-07-26T13:56:43Z" data-provider="bagsCount" finished-at="2019-07-26T13:58:13Z">
          <params>
            <param index="0">
              <value>
                <![CDATA[5]]>
              </value>
            </param>
          </params>
          <reporter-output>
          </reporter-output>
        </test-method> <!-- launchTest -->
        <test-method status="PASS" signature="tearDown()[pri:0, instance:com.testingfoo.thanosair.test.FlightBooking@d8355a8]" name="tearDown" is-config="true" duration-ms="255" started-at="2019-07-26T13:58:13Z" finished-at="2019-07-26T13:58:14Z">
          <reporter-output>
          </reporter-output>
        </test-method> <!-- tearDown -->
      </class> <!-- com.testingfoo.thanosair.test.FlightBooking -->
    </test> <!-- Default test -->
  </suite> <!-- Default suite -->
</testng-results>
